\BOOKMARK [0][-]{chapter.1}{Bevezet\351s}{}% 1
\BOOKMARK [0][-]{chapter.2}{Felhaszn\341l\363i dokument\341ci\363}{}% 2
\BOOKMARK [1][-]{section.2.1}{Telep\355t\351s \351s be\341ll\355t\341s}{chapter.2}% 3
\BOOKMARK [1][-]{section.2.2}{A kapcsol\363d\341si ablakn\341l elofordul\363 hib\341k}{chapter.2}% 4
\BOOKMARK [1][-]{section.2.3}{Grafikus fel\374let}{chapter.2}% 5
\BOOKMARK [2][-]{subsection.2.3.1}{Lek\351rdez\351sek}{section.2.3}% 6
\BOOKMARK [2][-]{subsection.2.3.2}{Diagramok}{section.2.3}% 7
\BOOKMARK [1][-]{section.2.4}{Hib\341k a fo ablakn\341l}{chapter.2}% 8
\BOOKMARK [0][-]{chapter.3}{Fejlesztoi dokument\341ci\363}{}% 9
\BOOKMARK [1][-]{section.3.1}{Fogalmak}{chapter.3}% 10
\BOOKMARK [1][-]{section.3.2}{Megold\341si terv}{chapter.3}% 11
\BOOKMARK [2][-]{subsection.3.2.1}{Felhaszn\341l\363i fel\374let terve}{section.3.2}% 12
\BOOKMARK [2][-]{subsection.3.2.2}{Komponensek}{section.3.2}% 13
\BOOKMARK [1][-]{section.3.3}{Megval\363s\355t\341s}{chapter.3}% 14
\BOOKMARK [2][-]{subsection.3.3.1}{Eszk\366zv\341laszt\341s}{section.3.3}% 15
\BOOKMARK [2][-]{subsection.3.3.2}{Control}{section.3.3}% 16
\BOOKMARK [2][-]{subsection.3.3.3}{SQL eszk\366z\366k}{section.3.3}% 17
\BOOKMARK [2][-]{subsection.3.3.4}{Felhaszn\341l\363i fel\374let}{section.3.3}% 18
\BOOKMARK [2][-]{subsection.3.3.5}{Fejlesztoi k\366rnyezet}{section.3.3}% 19
\BOOKMARK [1][-]{section.3.4}{Tov\341bbfejleszt\351si lehetos\351gek}{chapter.3}% 20
\BOOKMARK [1][-]{section.3.5}{Tesztel\351s}{chapter.3}% 21
\BOOKMARK [0][-]{chapter.4}{Irodalomjegyz\351k}{}% 22
